{"/app/src/components/auth-provider.tsx": {"path":"/app/src/components/auth-provider.tsx","statementMap":{"0":{"start":{"line":12,"column":6},"end":{"line":17,"column":null}},"1":{"start":{"line":19,"column":23},"end":{"line":19,"column":null}},"2":{"start":{"line":22,"column":22},"end":{"line":22,"column":null}},"3":{"start":{"line":23,"column":28},"end":{"line":23,"column":null}},"4":{"start":{"line":24,"column":28},"end":{"line":24,"column":null}},"5":{"start":{"line":26,"column":2},"end":{"line":48,"column":null}},"6":{"start":{"line":28,"column":4},"end":{"line":32,"column":null}},"7":{"start":{"line":29,"column":6},"end":{"line":29,"column":null}},"8":{"start":{"line":30,"column":6},"end":{"line":30,"column":null}},"9":{"start":{"line":31,"column":6},"end":{"line":31,"column":null}},"10":{"start":{"line":35,"column":39},"end":{"line":45,"column":null}},"11":{"start":{"line":36,"column":6},"end":{"line":36,"column":null}},"12":{"start":{"line":37,"column":6},"end":{"line":37,"column":null}},"13":{"start":{"line":38,"column":6},"end":{"line":38,"column":null}},"14":{"start":{"line":41,"column":6},"end":{"line":44,"column":null}},"15":{"start":{"line":43,"column":8},"end":{"line":43,"column":null}},"16":{"start":{"line":47,"column":4},"end":{"line":47,"column":null}},"17":{"start":{"line":47,"column":17},"end":{"line":47,"column":null}},"18":{"start":{"line":50,"column":18},"end":{"line":52,"column":null}},"19":{"start":{"line":51,"column":4},"end":{"line":51,"column":null}},"20":{"start":{"line":54,"column":2},"end":{"line":57,"column":null}}},"fnMap":{"0":{"name":"(anonymous_0)","decl":{"start":{"line":16,"column":11},"end":{"line":16,"column":23}},"loc":{"start":{"line":16,"column":23},"end":{"line":16,"column":null}},"line":16},"1":{"name":"(anonymous_1)","decl":{"start":{"line":19,"column":23},"end":{"line":19,"column":29}},"loc":{"start":{"line":19,"column":23},"end":{"line":19,"column":null}},"line":19},"2":{"name":"AuthProvider","decl":{"start":{"line":21,"column":16},"end":{"line":21,"column":29}},"loc":{"start":{"line":21,"column":74},"end":{"line":59,"column":null}},"line":21},"3":{"name":"(anonymous_3)","decl":{"start":{"line":26,"column":12},"end":{"line":26,"column":18}},"loc":{"start":{"line":26,"column":18},"end":{"line":48,"column":5}},"line":26},"4":{"name":"(anonymous_4)","decl":{"start":{"line":28,"column":36},"end":{"line":28,"column":37}},"loc":{"start":{"line":28,"column":63},"end":{"line":32,"column":5}},"line":28},"5":{"name":"(anonymous_5)","decl":{"start":{"line":35,"column":71},"end":{"line":35,"column":72}},"loc":{"start":{"line":35,"column":91},"end":{"line":45,"column":5}},"line":35},"6":{"name":"(anonymous_6)","decl":{"start":{"line":47,"column":11},"end":{"line":47,"column":17}},"loc":{"start":{"line":47,"column":17},"end":{"line":47,"column":null}},"line":47},"7":{"name":"(anonymous_7)","decl":{"start":{"line":50,"column":18},"end":{"line":50,"column":30}},"loc":{"start":{"line":50,"column":30},"end":{"line":52,"column":null}},"line":50}},"branchMap":{"0":{"loc":{"start":{"line":30,"column":14},"end":{"line":30,"column":35}},"type":"binary-expr","locations":[{"start":{"line":30,"column":14},"end":{"line":30,"column":31}},{"start":{"line":30,"column":31},"end":{"line":30,"column":35}}],"line":30},"1":{"loc":{"start":{"line":37,"column":14},"end":{"line":37,"column":35}},"type":"binary-expr","locations":[{"start":{"line":37,"column":14},"end":{"line":37,"column":31}},{"start":{"line":37,"column":31},"end":{"line":37,"column":35}}],"line":37},"2":{"loc":{"start":{"line":41,"column":6},"end":{"line":44,"column":null}},"type":"if","locations":[{"start":{"line":41,"column":6},"end":{"line":44,"column":null}},{"start":{},"end":{}}],"line":41},"3":{"loc":{"start":{"line":41,"column":10},"end":{"line":41,"column":57}},"type":"binary-expr","locations":[{"start":{"line":41,"column":10},"end":{"line":41,"column":35}},{"start":{"line":41,"column":35},"end":{"line":41,"column":57}}],"line":41}},"s":{"0":2,"1":20,"2":20,"3":20,"4":20,"5":20,"6":10,"7":9,"8":9,"9":9,"10":10,"11":2,"12":2,"13":2,"14":2,"15":1,"16":10,"17":10,"18":20,"19":1,"20":20},"f":{"0":0,"1":20,"2":20,"3":10,"4":9,"5":2,"6":10,"7":1},"b":{"0":[9,8],"1":[2,0],"2":[1,1],"3":[2,2]},"meta":{"lastBranch":4,"lastFunction":8,"lastStatement":21,"seen":{"s:12:6:17:Infinity":0,"f:16:11:16:23":0,"s:19:23:19:Infinity":1,"f:19:23:19:29":1,"f:21:16:21:29":2,"s:22:22:22:Infinity":2,"s:23:28:23:Infinity":3,"s:24:28:24:Infinity":4,"s:26:2:48:Infinity":5,"f:26:12:26:18":3,"s:28:4:32:Infinity":6,"f:28:36:28:37":4,"s:29:6:29:Infinity":7,"s:30:6:30:Infinity":8,"b:30:14:30:31:30:31:30:35":0,"s:31:6:31:Infinity":9,"s:35:39:45:Infinity":10,"f:35:71:35:72":5,"s:36:6:36:Infinity":11,"s:37:6:37:Infinity":12,"b:37:14:37:31:37:31:37:35":1,"s:38:6:38:Infinity":13,"b:41:6:44:Infinity:undefined:undefined:undefined:undefined":2,"s:41:6:44:Infinity":14,"b:41:10:41:35:41:35:41:57":3,"s:43:8:43:Infinity":15,"s:47:4:47:Infinity":16,"f:47:11:47:17":6,"s:47:17:47:Infinity":17,"s:50:18:52:Infinity":18,"f:50:18:50:30":7,"s:51:4:51:Infinity":19,"s:54:2:57:Infinity":20}}}
,"/app/src/components/protected-route.tsx": {"path":"/app/src/components/protected-route.tsx","statementMap":{"0":{"start":{"line":5,"column":24},"end":{"line":5,"column":null}},"1":{"start":{"line":7,"column":2},"end":{"line":7,"column":null}},"2":{"start":{"line":7,"column":15},"end":{"line":7,"column":null}},"3":{"start":{"line":8,"column":2},"end":{"line":8,"column":null}},"4":{"start":{"line":8,"column":13},"end":{"line":8,"column":null}},"5":{"start":{"line":10,"column":2},"end":{"line":10,"column":null}}},"fnMap":{"0":{"name":"ProtectedRoute","decl":{"start":{"line":4,"column":24},"end":{"line":4,"column":41}},"loc":{"start":{"line":4,"column":41},"end":{"line":11,"column":null}},"line":4}},"branchMap":{"0":{"loc":{"start":{"line":7,"column":2},"end":{"line":7,"column":null}},"type":"if","locations":[{"start":{"line":7,"column":2},"end":{"line":7,"column":null}},{"start":{},"end":{}}],"line":7},"1":{"loc":{"start":{"line":8,"column":2},"end":{"line":8,"column":null}},"type":"if","locations":[{"start":{"line":8,"column":2},"end":{"line":8,"column":null}},{"start":{},"end":{}}],"line":8}},"s":{"0":3,"1":3,"2":2,"3":1,"4":1,"5":0},"f":{"0":3},"b":{"0":[2,1],"1":[1,0]},"meta":{"lastBranch":2,"lastFunction":1,"lastStatement":6,"seen":{"f:4:24:4:41":0,"s:5:24:5:Infinity":0,"b:7:2:7:Infinity:undefined:undefined:undefined:undefined":0,"s:7:2:7:Infinity":1,"s:7:15:7:Infinity":2,"b:8:2:8:Infinity:undefined:undefined:undefined:undefined":1,"s:8:2:8:Infinity":3,"s:8:13:8:Infinity":4,"s:10:2:10:Infinity":5}}}
,"/app/src/components/ui/button.tsx": {"path":"/app/src/components/ui/button.tsx","statementMap":{"0":{"start":{"line":7,"column":6},"end":{"line":35,"column":null}},"1":{"start":{"line":43,"column":15},"end":{"line":54,"column":null}},"2":{"start":{"line":45,"column":17},"end":{"line":45,"column":null}},"3":{"start":{"line":46,"column":4},"end":{"line":51,"column":null}},"4":{"start":{"line":55,"column":0},"end":{"line":55,"column":null}}},"fnMap":{"0":{"name":"(anonymous_0)","decl":{"start":{"line":44,"column":2},"end":{"line":44,"column":3}},"loc":{"start":{"line":44,"column":68},"end":{"line":53,"column":null}},"line":44}},"branchMap":{"0":{"loc":{"start":{"line":44,"column":31},"end":{"line":44,"column":48}},"type":"default-arg","locations":[{"start":{"line":44,"column":41},"end":{"line":44,"column":48}}],"line":44},"1":{"loc":{"start":{"line":45,"column":17},"end":{"line":45,"column":null}},"type":"cond-expr","locations":[{"start":{"line":45,"column":27},"end":{"line":45,"column":34}},{"start":{"line":45,"column":34},"end":{"line":45,"column":null}}],"line":45}},"s":{"0":2,"1":2,"2":110,"3":110,"4":2},"f":{"0":110},"b":{"0":[110],"1":[16,94]},"meta":{"lastBranch":2,"lastFunction":1,"lastStatement":5,"seen":{"s:7:6:35:Infinity":0,"s:43:15:54:Infinity":1,"f:44:2:44:3":0,"b:44:41:44:48":0,"s:45:17:45:Infinity":2,"b:45:27:45:34:45:34:45:Infinity":1,"s:46:4:51:Infinity":3,"s:55:0:55:Infinity":4}}}
,"/app/src/components/ui/card.tsx": {"path":"/app/src/components/ui/card.tsx","statementMap":{"0":{"start":{"line":5,"column":13},"end":{"line":17,"column":null}},"1":{"start":{"line":9,"column":2},"end":{"line":16,"column":null}},"2":{"start":{"line":18,"column":0},"end":{"line":18,"column":null}},"3":{"start":{"line":20,"column":19},"end":{"line":29,"column":null}},"4":{"start":{"line":24,"column":2},"end":{"line":28,"column":null}},"5":{"start":{"line":30,"column":0},"end":{"line":30,"column":null}},"6":{"start":{"line":32,"column":18},"end":{"line":41,"column":null}},"7":{"start":{"line":36,"column":2},"end":{"line":40,"column":null}},"8":{"start":{"line":42,"column":0},"end":{"line":42,"column":null}},"9":{"start":{"line":44,"column":24},"end":{"line":53,"column":null}},"10":{"start":{"line":48,"column":2},"end":{"line":52,"column":null}},"11":{"start":{"line":54,"column":0},"end":{"line":54,"column":null}},"12":{"start":{"line":56,"column":20},"end":{"line":61,"column":null}},"13":{"start":{"line":60,"column":2},"end":{"line":60,"column":null}},"14":{"start":{"line":62,"column":0},"end":{"line":62,"column":null}},"15":{"start":{"line":64,"column":19},"end":{"line":73,"column":null}},"16":{"start":{"line":68,"column":2},"end":{"line":72,"column":null}},"17":{"start":{"line":74,"column":0},"end":{"line":74,"column":null}}},"fnMap":{"0":{"name":"(anonymous_0)","decl":{"start":{"line":8,"column":2},"end":{"line":8,"column":3}},"loc":{"start":{"line":9,"column":2},"end":{"line":16,"column":null}},"line":9},"1":{"name":"(anonymous_1)","decl":{"start":{"line":23,"column":2},"end":{"line":23,"column":3}},"loc":{"start":{"line":24,"column":2},"end":{"line":28,"column":null}},"line":24},"2":{"name":"(anonymous_2)","decl":{"start":{"line":35,"column":2},"end":{"line":35,"column":3}},"loc":{"start":{"line":36,"column":2},"end":{"line":40,"column":null}},"line":36},"3":{"name":"(anonymous_3)","decl":{"start":{"line":47,"column":2},"end":{"line":47,"column":3}},"loc":{"start":{"line":48,"column":2},"end":{"line":52,"column":null}},"line":48},"4":{"name":"(anonymous_4)","decl":{"start":{"line":59,"column":2},"end":{"line":59,"column":3}},"loc":{"start":{"line":60,"column":2},"end":{"line":60,"column":null}},"line":60},"5":{"name":"(anonymous_5)","decl":{"start":{"line":67,"column":2},"end":{"line":67,"column":3}},"loc":{"start":{"line":68,"column":2},"end":{"line":72,"column":null}},"line":68}},"branchMap":{},"s":{"0":2,"1":87,"2":2,"3":2,"4":87,"5":2,"6":2,"7":87,"8":2,"9":2,"10":63,"11":2,"12":2,"13":87,"14":2,"15":2,"16":47,"17":2},"f":{"0":87,"1":87,"2":87,"3":63,"4":87,"5":47},"b":{},"meta":{"lastBranch":0,"lastFunction":6,"lastStatement":18,"seen":{"s:5:13:17:Infinity":0,"f:8:2:8:3":0,"s:9:2:16:Infinity":1,"s:18:0:18:Infinity":2,"s:20:19:29:Infinity":3,"f:23:2:23:3":1,"s:24:2:28:Infinity":4,"s:30:0:30:Infinity":5,"s:32:18:41:Infinity":6,"f:35:2:35:3":2,"s:36:2:40:Infinity":7,"s:42:0:42:Infinity":8,"s:44:24:53:Infinity":9,"f:47:2:47:3":3,"s:48:2:52:Infinity":10,"s:54:0:54:Infinity":11,"s:56:20:61:Infinity":12,"f:59:2:59:3":4,"s:60:2:60:Infinity":13,"s:62:0:62:Infinity":14,"s:64:19:73:Infinity":15,"f:67:2:67:3":5,"s:68:2:72:Infinity":16,"s:74:0:74:Infinity":17}}}
,"/app/src/components/ui/form.tsx": {"path":"/app/src/components/ui/form.tsx","statementMap":{"0":{"start":{"line":16,"column":13},"end":{"line":16,"column":null}},"1":{"start":{"line":25,"column":25},"end":{"line":25,"column":null}},"2":{"start":{"line":27,"column":18},"end":{"line":38,"column":null}},"3":{"start":{"line":33,"column":2},"end":{"line":36,"column":null}},"4":{"start":{"line":40,"column":21},"end":{"line":65,"column":null}},"5":{"start":{"line":41,"column":23},"end":{"line":41,"column":null}},"6":{"start":{"line":42,"column":22},"end":{"line":42,"column":null}},"7":{"start":{"line":43,"column":35},"end":{"line":43,"column":null}},"8":{"start":{"line":45,"column":2},"end":{"line":47,"column":null}},"9":{"start":{"line":46,"column":4},"end":{"line":46,"column":null}},"10":{"start":{"line":49,"column":2},"end":{"line":51,"column":null}},"11":{"start":{"line":50,"column":4},"end":{"line":50,"column":null}},"12":{"start":{"line":53,"column":21},"end":{"line":53,"column":null}},"13":{"start":{"line":55,"column":17},"end":{"line":55,"column":null}},"14":{"start":{"line":57,"column":2},"end":{"line":64,"column":null}},"15":{"start":{"line":71,"column":24},"end":{"line":71,"column":null}},"16":{"start":{"line":73,"column":17},"end":{"line":84,"column":null}},"17":{"start":{"line":77,"column":13},"end":{"line":77,"column":null}},"18":{"start":{"line":79,"column":2},"end":{"line":82,"column":null}},"19":{"start":{"line":85,"column":0},"end":{"line":85,"column":null}},"20":{"start":{"line":87,"column":18},"end":{"line":106,"column":null}},"21":{"start":{"line":93,"column":32},"end":{"line":93,"column":null}},"22":{"start":{"line":95,"column":2},"end":{"line":104,"column":null}},"23":{"start":{"line":107,"column":0},"end":{"line":107,"column":null}},"24":{"start":{"line":109,"column":20},"end":{"line":128,"column":null}},"25":{"start":{"line":113,"column":66},"end":{"line":113,"column":null}},"26":{"start":{"line":115,"column":2},"end":{"line":126,"column":null}},"27":{"start":{"line":129,"column":0},"end":{"line":129,"column":null}},"28":{"start":{"line":131,"column":24},"end":{"line":145,"column":null}},"29":{"start":{"line":135,"column":32},"end":{"line":135,"column":null}},"30":{"start":{"line":137,"column":2},"end":{"line":143,"column":null}},"31":{"start":{"line":146,"column":0},"end":{"line":146,"column":null}},"32":{"start":{"line":148,"column":20},"end":{"line":169,"column":null}},"33":{"start":{"line":152,"column":35},"end":{"line":152,"column":null}},"34":{"start":{"line":153,"column":15},"end":{"line":153,"column":null}},"35":{"start":{"line":155,"column":2},"end":{"line":157,"column":null}},"36":{"start":{"line":156,"column":4},"end":{"line":156,"column":null}},"37":{"start":{"line":159,"column":2},"end":{"line":167,"column":null}},"38":{"start":{"line":170,"column":0},"end":{"line":170,"column":null}}},"fnMap":{"0":{"name":"(anonymous_0)","decl":{"start":{"line":27,"column":18},"end":{"line":27,"column":null}},"loc":{"start":{"line":32,"column":44},"end":{"line":38,"column":null}},"line":32},"1":{"name":"(anonymous_1)","decl":{"start":{"line":40,"column":21},"end":{"line":40,"column":27}},"loc":{"start":{"line":40,"column":27},"end":{"line":65,"column":null}},"line":40},"2":{"name":"(anonymous_2)","decl":{"start":{"line":76,"column":2},"end":{"line":76,"column":3}},"loc":{"start":{"line":76,"column":36},"end":{"line":84,"column":1}},"line":76},"3":{"name":"(anonymous_3)","decl":{"start":{"line":92,"column":2},"end":{"line":92,"column":3}},"loc":{"start":{"line":92,"column":56},"end":{"line":106,"column":1}},"line":92},"4":{"name":"(anonymous_4)","decl":{"start":{"line":112,"column":2},"end":{"line":112,"column":3}},"loc":{"start":{"line":112,"column":25},"end":{"line":128,"column":1}},"line":112},"5":{"name":"(anonymous_5)","decl":{"start":{"line":134,"column":2},"end":{"line":134,"column":3}},"loc":{"start":{"line":134,"column":36},"end":{"line":145,"column":1}},"line":134},"6":{"name":"(anonymous_6)","decl":{"start":{"line":151,"column":2},"end":{"line":151,"column":3}},"loc":{"start":{"line":151,"column":46},"end":{"line":169,"column":1}},"line":151}},"branchMap":{"0":{"loc":{"start":{"line":45,"column":2},"end":{"line":47,"column":null}},"type":"if","locations":[{"start":{"line":45,"column":2},"end":{"line":47,"column":null}},{"start":{},"end":{}}],"line":45},"1":{"loc":{"start":{"line":49,"column":2},"end":{"line":51,"column":null}},"type":"if","locations":[{"start":{"line":49,"column":2},"end":{"line":51,"column":null}},{"start":{},"end":{}}],"line":49},"2":{"loc":{"start":{"line":98,"column":20},"end":{"line":98,"column":49}},"type":"binary-expr","locations":[{"start":{"line":98,"column":20},"end":{"line":98,"column":29}},{"start":{"line":98,"column":29},"end":{"line":98,"column":49}}],"line":98},"3":{"loc":{"start":{"line":103,"column":7},"end":{"line":103,"column":null}},"type":"binary-expr","locations":[{"start":{"line":103,"column":7},"end":{"line":103,"column":19}},{"start":{"line":103,"column":19},"end":{"line":103,"column":null}}],"line":103},"4":{"loc":{"start":{"line":120,"column":8},"end":{"line":122,"column":null}},"type":"cond-expr","locations":[{"start":{"line":121,"column":12},"end":{"line":121,"column":null}},{"start":{"line":122,"column":12},"end":{"line":122,"column":null}}],"line":120},"5":{"loc":{"start":{"line":153,"column":15},"end":{"line":153,"column":null}},"type":"cond-expr","locations":[{"start":{"line":153,"column":23},"end":{"line":153,"column":54}},{"start":{"line":153,"column":54},"end":{"line":153,"column":null}}],"line":153},"6":{"loc":{"start":{"line":153,"column":30},"end":{"line":153,"column":50}},"type":"binary-expr","locations":[{"start":{"line":153,"column":30},"end":{"line":153,"column":48}},{"start":{"line":153,"column":48},"end":{"line":153,"column":50}}],"line":153},"7":{"loc":{"start":{"line":155,"column":2},"end":{"line":157,"column":null}},"type":"if","locations":[{"start":{"line":155,"column":2},"end":{"line":157,"column":null}},{"start":{},"end":{}}],"line":155}},"s":{"0":1,"1":1,"2":1,"3":45,"4":1,"5":471,"6":471,"7":471,"8":471,"9":0,"10":471,"11":0,"12":471,"13":471,"14":471,"15":1,"16":1,"17":157,"18":157,"19":1,"20":1,"21":157,"22":157,"23":1,"24":1,"25":157,"26":157,"27":1,"28":1,"29":0,"30":0,"31":1,"32":1,"33":157,"34":157,"35":157,"36":157,"37":0,"38":1},"f":{"0":45,"1":471,"2":157,"3":157,"4":157,"5":0,"6":157},"b":{"0":[0,471],"1":[0,471],"2":[157,0],"3":[157,144],"4":[157,0],"5":[0,157],"6":[0,0],"7":[157,0]},"meta":{"lastBranch":8,"lastFunction":7,"lastStatement":39,"seen":{"s:16:13:16:Infinity":0,"s:25:25:25:Infinity":1,"s:27:18:38:Infinity":2,"f:27:18:27:Infinity":0,"s:33:2:36:Infinity":3,"s:40:21:65:Infinity":4,"f:40:21:40:27":1,"s:41:23:41:Infinity":5,"s:42:22:42:Infinity":6,"s:43:35:43:Infinity":7,"b:45:2:47:Infinity:undefined:undefined:undefined:undefined":0,"s:45:2:47:Infinity":8,"s:46:4:46:Infinity":9,"b:49:2:51:Infinity:undefined:undefined:undefined:undefined":1,"s:49:2:51:Infinity":10,"s:50:4:50:Infinity":11,"s:53:21:53:Infinity":12,"s:55:17:55:Infinity":13,"s:57:2:64:Infinity":14,"s:71:24:71:Infinity":15,"s:73:17:84:Infinity":16,"f:76:2:76:3":2,"s:77:13:77:Infinity":17,"s:79:2:82:Infinity":18,"s:85:0:85:Infinity":19,"s:87:18:106:Infinity":20,"f:92:2:92:3":3,"s:93:32:93:Infinity":21,"s:95:2:104:Infinity":22,"b:98:20:98:29:98:29:98:49":2,"b:103:7:103:19:103:19:103:Infinity":3,"s:107:0:107:Infinity":23,"s:109:20:128:Infinity":24,"f:112:2:112:3":4,"s:113:66:113:Infinity":25,"s:115:2:126:Infinity":26,"b:121:12:121:Infinity:122:12:122:Infinity":4,"s:129:0:129:Infinity":27,"s:131:24:145:Infinity":28,"f:134:2:134:3":5,"s:135:32:135:Infinity":29,"s:137:2:143:Infinity":30,"s:146:0:146:Infinity":31,"s:148:20:169:Infinity":32,"f:151:2:151:3":6,"s:152:35:152:Infinity":33,"s:153:15:153:Infinity":34,"b:153:23:153:54:153:54:153:Infinity":5,"b:153:30:153:48:153:48:153:50":6,"b:155:2:157:Infinity:undefined:undefined:undefined:undefined":7,"s:155:2:157:Infinity":35,"s:156:4:156:Infinity":36,"s:159:2:167:Infinity":37,"s:170:0:170:Infinity":38}}}
,"/app/src/components/ui/input.tsx": {"path":"/app/src/components/ui/input.tsx","statementMap":{"0":{"start":{"line":5,"column":14},"end":{"line":19,"column":null}},"1":{"start":{"line":7,"column":4},"end":{"line":16,"column":null}},"2":{"start":{"line":20,"column":0},"end":{"line":20,"column":null}}},"fnMap":{"0":{"name":"(anonymous_0)","decl":{"start":{"line":6,"column":2},"end":{"line":6,"column":3}},"loc":{"start":{"line":6,"column":42},"end":{"line":18,"column":null}},"line":6}},"branchMap":{},"s":{"0":1,"1":157,"2":1},"f":{"0":157},"b":{},"meta":{"lastBranch":0,"lastFunction":1,"lastStatement":3,"seen":{"s:5:14:19:Infinity":0,"f:6:2:6:3":0,"s:7:4:16:Infinity":1,"s:20:0:20:Infinity":2}}}
,"/app/src/components/ui/label.tsx": {"path":"/app/src/components/ui/label.tsx","statementMap":{"0":{"start":{"line":7,"column":6},"end":{"line":9,"column":null}},"1":{"start":{"line":11,"column":14},"end":{"line":21,"column":null}},"2":{"start":{"line":16,"column":2},"end":{"line":20,"column":null}},"3":{"start":{"line":22,"column":0},"end":{"line":22,"column":null}}},"fnMap":{"0":{"name":"(anonymous_0)","decl":{"start":{"line":15,"column":2},"end":{"line":15,"column":3}},"loc":{"start":{"line":16,"column":2},"end":{"line":20,"column":null}},"line":16}},"branchMap":{},"s":{"0":1,"1":1,"2":157,"3":1},"f":{"0":157},"b":{},"meta":{"lastBranch":0,"lastFunction":1,"lastStatement":4,"seen":{"s:7:6:9:Infinity":0,"s:11:14:21:Infinity":1,"f:15:2:15:3":0,"s:16:2:20:Infinity":2,"s:22:0:22:Infinity":3}}}
,"/app/src/lib/utils.ts": {"path":"/app/src/lib/utils.ts","statementMap":{"0":{"start":{"line":5,"column":2},"end":{"line":5,"column":null}}},"fnMap":{"0":{"name":"cn","decl":{"start":{"line":4,"column":16},"end":{"line":4,"column":22}},"loc":{"start":{"line":4,"column":44},"end":{"line":6,"column":null}},"line":4}},"branchMap":{},"s":{"0":1206},"f":{"0":1206},"b":{},"meta":{"lastBranch":0,"lastFunction":1,"lastStatement":1,"seen":{"f:4:16:4:22":0,"s:5:2:5:Infinity":0}}}
,"/app/src/pages/auth.tsx": {"path":"/app/src/pages/auth.tsx","statementMap":{"0":{"start":{"line":12,"column":19},"end":{"line":15,"column":null}},"1":{"start":{"line":18,"column":28},"end":{"line":18,"column":null}},"2":{"start":{"line":19,"column":28},"end":{"line":19,"column":null}},"3":{"start":{"line":20,"column":32},"end":{"line":20,"column":null}},"4":{"start":{"line":22,"column":8},"end":{"line":28,"column":null}},"5":{"start":{"line":31,"column":4},"end":{"line":31,"column":null}},"6":{"start":{"line":32,"column":4},"end":{"line":63,"column":null}},"7":{"start":{"line":33,"column":6},"end":{"line":58,"column":null}},"8":{"start":{"line":35,"column":26},"end":{"line":40,"column":null}},"9":{"start":{"line":41,"column":8},"end":{"line":41,"column":null}},"10":{"start":{"line":41,"column":19},"end":{"line":41,"column":null}},"11":{"start":{"line":42,"column":8},"end":{"line":42,"column":null}},"12":{"start":{"line":43,"column":8},"end":{"line":43,"column":null}},"13":{"start":{"line":46,"column":26},"end":{"line":54,"column":null}},"14":{"start":{"line":55,"column":8},"end":{"line":55,"column":null}},"15":{"start":{"line":55,"column":19},"end":{"line":55,"column":null}},"16":{"start":{"line":56,"column":8},"end":{"line":56,"column":null}},"17":{"start":{"line":57,"column":8},"end":{"line":57,"column":null}},"18":{"start":{"line":60,"column":6},"end":{"line":60,"column":null}},"19":{"start":{"line":62,"column":6},"end":{"line":62,"column":null}},"20":{"start":{"line":66,"column":21},"end":{"line":69,"column":null}},"21":{"start":{"line":67,"column":4},"end":{"line":67,"column":null}},"22":{"start":{"line":68,"column":4},"end":{"line":68,"column":null}},"23":{"start":{"line":71,"column":2},"end":{"line":133,"column":null}},"24":{"start":{"line":72,"column":4},"end":{"line":131,"column":null}},"25":{"start":{"line":100,"column":30},"end":{"line":100,"column":null}},"26":{"start":{"line":101,"column":33},"end":{"line":101,"column":null}},"27":{"start":{"line":102,"column":16},"end":{"line":123,"column":null}},"28":{"start":{"line":103,"column":18},"end":{"line":103,"column":null}},"29":{"start":{"line":104,"column":18},"end":{"line":122,"column":null}},"30":{"start":{"line":105,"column":38},"end":{"line":115,"column":null}},"31":{"start":{"line":116,"column":20},"end":{"line":116,"column":null}},"32":{"start":{"line":116,"column":31},"end":{"line":116,"column":null}},"33":{"start":{"line":117,"column":20},"end":{"line":117,"column":null}},"34":{"start":{"line":119,"column":20},"end":{"line":119,"column":null}},"35":{"start":{"line":121,"column":20},"end":{"line":121,"column":null}},"36":{"start":{"line":135,"column":2},"end":{"line":189,"column":null}},"37":{"start":{"line":154,"column":20},"end":{"line":160,"column":null}},"38":{"start":{"line":168,"column":18},"end":{"line":174,"column":null}},"39":{"start":{"line":184,"column":48},"end":{"line":184,"column":null}}},"fnMap":{"0":{"name":"AuthPage","decl":{"start":{"line":17,"column":24},"end":{"line":17,"column":35}},"loc":{"start":{"line":17,"column":35},"end":{"line":191,"column":null}},"line":17},"1":{"name":"onSubmit","decl":{"start":{"line":30,"column":17},"end":{"line":30,"column":26}},"loc":{"start":{"line":30,"column":62},"end":{"line":64,"column":null}},"line":30},"2":{"name":"(anonymous_2)","decl":{"start":{"line":66,"column":21},"end":{"line":66,"column":27}},"loc":{"start":{"line":66,"column":27},"end":{"line":69,"column":null}},"line":66},"3":{"name":"(anonymous_3)","decl":{"start":{"line":99,"column":23},"end":{"line":99,"column":35}},"loc":{"start":{"line":99,"column":35},"end":{"line":124,"column":null}},"line":99},"4":{"name":"(anonymous_4)","decl":{"start":{"line":153,"column":26},"end":{"line":153,"column":27}},"loc":{"start":{"line":154,"column":20},"end":{"line":160,"column":null}},"line":154},"5":{"name":"(anonymous_5)","decl":{"start":{"line":167,"column":24},"end":{"line":167,"column":25}},"loc":{"start":{"line":168,"column":18},"end":{"line":174,"column":null}},"line":168},"6":{"name":"(anonymous_6)","decl":{"start":{"line":184,"column":42},"end":{"line":184,"column":48}},"loc":{"start":{"line":184,"column":48},"end":{"line":184,"column":null}},"line":184}},"branchMap":{"0":{"loc":{"start":{"line":33,"column":6},"end":{"line":58,"column":null}},"type":"if","locations":[{"start":{"line":33,"column":6},"end":{"line":58,"column":null}},{"start":{"line":44,"column":13},"end":{"line":58,"column":null}}],"line":33},"1":{"loc":{"start":{"line":41,"column":8},"end":{"line":41,"column":null}},"type":"if","locations":[{"start":{"line":41,"column":8},"end":{"line":41,"column":null}},{"start":{},"end":{}}],"line":41},"2":{"loc":{"start":{"line":55,"column":8},"end":{"line":55,"column":null}},"type":"if","locations":[{"start":{"line":55,"column":8},"end":{"line":55,"column":null}},{"start":{},"end":{}}],"line":55},"3":{"loc":{"start":{"line":60,"column":18},"end":{"line":60,"column":53}},"type":"binary-expr","locations":[{"start":{"line":60,"column":18},"end":{"line":60,"column":35}},{"start":{"line":60,"column":35},"end":{"line":60,"column":53}}],"line":60},"4":{"loc":{"start":{"line":71,"column":2},"end":{"line":133,"column":null}},"type":"if","locations":[{"start":{"line":71,"column":2},"end":{"line":133,"column":null}},{"start":{},"end":{}}],"line":71},"5":{"loc":{"start":{"line":84,"column":55},"end":{"line":84,"column":108}},"type":"cond-expr","locations":[{"start":{"line":84,"column":65},"end":{"line":84,"column":84}},{"start":{"line":84,"column":84},"end":{"line":84,"column":108}}],"line":84},"6":{"loc":{"start":{"line":102,"column":16},"end":{"line":123,"column":null}},"type":"if","locations":[{"start":{"line":102,"column":16},"end":{"line":123,"column":null}},{"start":{},"end":{}}],"line":102},"7":{"loc":{"start":{"line":109,"column":28},"end":{"line":113,"column":null}},"type":"binary-expr","locations":[{"start":{"line":109,"column":28},"end":{"line":109,"column":40}},{"start":{"line":109,"column":40},"end":{"line":113,"column":null}}],"line":109},"8":{"loc":{"start":{"line":116,"column":20},"end":{"line":116,"column":null}},"type":"if","locations":[{"start":{"line":116,"column":20},"end":{"line":116,"column":null}},{"start":{},"end":{}}],"line":116},"9":{"loc":{"start":{"line":119,"column":32},"end":{"line":119,"column":78}},"type":"binary-expr","locations":[{"start":{"line":119,"column":32},"end":{"line":119,"column":49}},{"start":{"line":119,"column":49},"end":{"line":119,"column":78}}],"line":119},"10":{"loc":{"start":{"line":127,"column":15},"end":{"line":127,"column":null}},"type":"cond-expr","locations":[{"start":{"line":127,"column":25},"end":{"line":127,"column":43}},{"start":{"line":127,"column":43},"end":{"line":127,"column":null}}],"line":127},"11":{"loc":{"start":{"line":139,"column":22},"end":{"line":139,"column":65}},"type":"cond-expr","locations":[{"start":{"line":139,"column":32},"end":{"line":139,"column":51}},{"start":{"line":139,"column":51},"end":{"line":139,"column":65}}],"line":139},"12":{"loc":{"start":{"line":141,"column":13},"end":{"line":143,"column":null}},"type":"cond-expr","locations":[{"start":{"line":142,"column":16},"end":{"line":142,"column":null}},{"start":{"line":143,"column":16},"end":{"line":143,"column":null}}],"line":141},"13":{"loc":{"start":{"line":149,"column":15},"end":{"line":162,"column":null}},"type":"binary-expr","locations":[{"start":{"line":149,"column":15},"end":{"line":149,"column":null}},{"start":{"line":150,"column":16},"end":{"line":162,"column":null}}],"line":149},"14":{"loc":{"start":{"line":178,"column":17},"end":{"line":178,"column":null}},"type":"cond-expr","locations":[{"start":{"line":178,"column":27},"end":{"line":178,"column":44}},{"start":{"line":178,"column":44},"end":{"line":178,"column":null}}],"line":178},"15":{"loc":{"start":{"line":178,"column":44},"end":{"line":178,"column":null}},"type":"cond-expr","locations":[{"start":{"line":178,"column":54},"end":{"line":178,"column":79}},{"start":{"line":178,"column":79},"end":{"line":178,"column":null}}],"line":178},"16":{"loc":{"start":{"line":185,"column":13},"end":{"line":185,"column":null}},"type":"cond-expr","locations":[{"start":{"line":185,"column":23},"end":{"line":185,"column":57}},{"start":{"line":185,"column":57},"end":{"line":185,"column":null}}],"line":185}},"s":{"0":1,"1":47,"2":47,"3":47,"4":47,"5":7,"6":7,"7":7,"8":6,"9":6,"10":1,"11":5,"12":5,"13":1,"14":1,"15":0,"16":1,"17":1,"18":1,"19":7,"20":47,"21":1,"22":1,"23":47,"24":8,"25":1,"26":1,"27":1,"28":1,"29":1,"30":1,"31":1,"32":0,"33":1,"34":0,"35":1,"36":39,"37":13,"38":151,"39":2},"f":{"0":47,"1":7,"2":1,"3":1,"4":13,"5":151,"6":2},"b":{"0":[6,1],"1":[1,5],"2":[0,1],"3":[1,0],"4":[8,39],"5":[7,1],"6":[1,0],"7":[1,0],"8":[0,1],"9":[0,0],"10":[1,7],"11":[33,6],"12":[33,6],"13":[47,6],"14":[1,38],"15":[32,6],"16":[33,6]},"meta":{"lastBranch":17,"lastFunction":7,"lastStatement":40,"seen":{"s:12:19:15:Infinity":0,"f:17:24:17:35":0,"s:18:28:18:Infinity":1,"s:19:28:19:Infinity":2,"s:20:32:20:Infinity":3,"s:22:8:28:Infinity":4,"f:30:17:30:26":1,"s:31:4:31:Infinity":5,"s:32:4:63:Infinity":6,"b:33:6:58:Infinity:44:13:58:Infinity":0,"s:33:6:58:Infinity":7,"s:35:26:40:Infinity":8,"b:41:8:41:Infinity:undefined:undefined:undefined:undefined":1,"s:41:8:41:Infinity":9,"s:41:19:41:Infinity":10,"s:42:8:42:Infinity":11,"s:43:8:43:Infinity":12,"s:46:26:54:Infinity":13,"b:55:8:55:Infinity:undefined:undefined:undefined:undefined":2,"s:55:8:55:Infinity":14,"s:55:19:55:Infinity":15,"s:56:8:56:Infinity":16,"s:57:8:57:Infinity":17,"s:60:6:60:Infinity":18,"b:60:18:60:35:60:35:60:53":3,"s:62:6:62:Infinity":19,"s:66:21:69:Infinity":20,"f:66:21:66:27":2,"s:67:4:67:Infinity":21,"s:68:4:68:Infinity":22,"b:71:2:133:Infinity:undefined:undefined:undefined:undefined":4,"s:71:2:133:Infinity":23,"s:72:4:131:Infinity":24,"b:84:65:84:84:84:84:84:108":5,"f:99:23:99:35":3,"s:100:30:100:Infinity":25,"s:101:33:101:Infinity":26,"b:102:16:123:Infinity:undefined:undefined:undefined:undefined":6,"s:102:16:123:Infinity":27,"s:103:18:103:Infinity":28,"s:104:18:122:Infinity":29,"s:105:38:115:Infinity":30,"b:109:28:109:40:109:40:113:Infinity":7,"b:116:20:116:Infinity:undefined:undefined:undefined:undefined":8,"s:116:20:116:Infinity":31,"s:116:31:116:Infinity":32,"s:117:20:117:Infinity":33,"s:119:20:119:Infinity":34,"b:119:32:119:49:119:49:119:78":9,"s:121:20:121:Infinity":35,"b:127:25:127:43:127:43:127:Infinity":10,"s:135:2:189:Infinity":36,"b:139:32:139:51:139:51:139:65":11,"b:142:16:142:Infinity:143:16:143:Infinity":12,"b:149:15:149:Infinity:150:16:162:Infinity":13,"f:153:26:153:27":4,"s:154:20:160:Infinity":37,"f:167:24:167:25":5,"s:168:18:174:Infinity":38,"b:178:27:178:44:178:44:178:Infinity":14,"b:178:54:178:79:178:79:178:Infinity":15,"f:184:42:184:48":6,"s:184:48:184:Infinity":39,"b:185:23:185:57:185:57:185:Infinity":16}}}
,"/app/src/pages/dashboard.tsx": {"path":"/app/src/pages/dashboard.tsx","statementMap":{"0":{"start":{"line":7,"column":2},"end":{"line":122,"column":null}}},"fnMap":{"0":{"name":"Dashboard","decl":{"start":{"line":6,"column":24},"end":{"line":6,"column":36}},"loc":{"start":{"line":6,"column":36},"end":{"line":124,"column":null}},"line":6}},"branchMap":{},"s":{"0":8},"f":{"0":8},"b":{},"meta":{"lastBranch":0,"lastFunction":1,"lastStatement":1,"seen":{"f:6:24:6:36":0,"s:7:2:122:Infinity":0}}}
}
